
> minimum_wp_example@1.0.0 test C:\dev\eclipse-workspace\minimum_wp_example
> wdio wdio.conf.js "--spec" "wp"


Execution of 1 spec files started at 2019-09-20T10:40:51.018Z

2019-09-20T10:40:51.021Z DEBUG @wdio/utils:initialiseServices: initialise wdio service "selenium-standalone"
2019-09-20T10:40:51.071Z INFO @wdio/cli:Launcher: Run onPrepare hook
2019-09-20T10:40:52.529Z INFO @wdio/local-runner: Start worker 0-0 with arg: wdio.conf.js,--spec,wp
[0-0] RUNNING in chrome - C:\dev\eclipse-workspace\minimum_wp_example\spec\wp.spec.js
[0-0] 2019-09-20T10:40:53.268Z INFO @wdio/local-runner: Run worker command: run
[0-0] 2019-09-20T10:40:53.283Z DEBUG @wdio/utils:initialiseServices: initialise wdio service "selenium-standalone"
[0-0] 2019-09-20T10:40:53.416Z DEBUG @wdio/local-runner:utils: init remote session
[0-0] 2019-09-20T10:40:53.417Z INFO webdriverio: Initiate new session using the webdriver protocol
[0-0] 2019-09-20T10:40:53.420Z INFO webdriver: [POST] http://127.0.0.1:4444/wd/hub/session
[0-0] 2019-09-20T10:40:53.420Z INFO webdriver: DATA { capabilities:
   { alwaysMatch: { browserName: 'chrome', 'goog:chromeOptions': [Object] },
     firstMatch: [ {} ] },
  desiredCapabilities:
   { browserName: 'chrome',
     'goog:chromeOptions':
      { binary: 'C:\\ProgramFilesWithoutAdminRights\\chrome76\\chrome.exe' } } }
[0-0] 2019-09-20T10:40:59.296Z INFO webdriver: COMMAND maximizeWindow()
[0-0] 2019-09-20T10:40:59.296Z INFO webdriver: [POST] http://127.0.0.1:4444/wd/hub/session/dabeb7a5d5977db1f3d261aceab45215/window/maximize
[0-0] 2019-09-20T10:41:03.444Z INFO webdriver: RESULT { height: 1176, width: 1936, x: -8, y: -8 }
[0-0] 2019-09-20T10:41:03.457Z INFO webdriver: COMMAND navigateTo("https://en.wikipedia.org/wiki/Main_Page")
[0-0] 2019-09-20T10:41:03.458Z INFO webdriver: [POST] http://127.0.0.1:4444/wd/hub/session/dabeb7a5d5977db1f3d261aceab45215/url
[0-0] 2019-09-20T10:41:03.458Z INFO webdriver: DATA { url: 'https://en.wikipedia.org/wiki/Main_Page' }
[0-0] 2019-09-20T10:41:04.376Z INFO webdriver: COMMAND findElement("css selector", "a.mw-wiki-logo")
[0-0] 2019-09-20T10:41:04.376Z INFO webdriver: [POST] http://127.0.0.1:4444/wd/hub/session/dabeb7a5d5977db1f3d261aceab45215/element
[0-0] 2019-09-20T10:41:04.376Z INFO webdriver: DATA { using: 'css selector', value: 'a.mw-wiki-logo' }
[0-0] 2019-09-20T10:41:04.414Z INFO webdriver: RESULT { 'element-6066-11e4-a52e-4f735466cecf': 'a27edf0d-0c0e-4145-a6ff-8dbe684acd84' }
[0-0] 2019-09-20T10:41:04.426Z INFO webdriver: COMMAND executeScript(<fn>, <object>)
[0-0] 2019-09-20T10:41:04.427Z INFO webdriver: [POST] http://127.0.0.1:4444/wd/hub/session/dabeb7a5d5977db1f3d261aceab45215/execute/sync
[0-0] 2019-09-20T10:41:04.427Z INFO webdriver: DATA { script:
   'return (function isElementDisplayed(element) {\n  function nodeIsElement(node) {\n    if (!node) {\n      return false;\n    }\n\n    switch (node.nodeType) {\n      case Node.ELEMENT_NODE:\n      case Node.DOCUMENT_NODE:\n      case Node.DOCUMENT_FRAGMENT_NODE:\n        return true;\n\n      default:\n        return false;\n    }\n  }\n\n  function parentElementForElement(element) {\n    if (!element) {\n      return null;\n    }\n\n    return enclosingNodeOrSelfMatchingPredicate(element.parentNode, nodeIsElement);\n  }\n\n  function enclosingNodeOrSelfMatchingPredicate(targetNode, predicate) {\n    for (let node = targetNode; node && node !== targetNode.ownerDocument; node = node.parentNode) if (predicate(node)) {\n      return node;\n    }\n\n    return null;\n  }\n\n  function enclosingElementOrSelfMatchingPredicate(targetElement, predicate) {\n    for (let element = targetElement; element && element !== targetElement.ownerDocument; element = parentElementForElement(element)) if (predicate(element)) {\n      return element;\n    }\n\n    return null;\n  }\n\n  function cascadedStylePropertyForElement(element, property) {\n    if (!element || !property) {\n      return null;\n    }\n\n    if (element instanceof DocumentFragment) {\n      element = element.host;\n    }\n\n    let computedStyle = window.getComputedStyle(element);\n    let computedStyleProperty = computedStyle.getPropertyValue(property);\n\n    if (computedStyleProperty && computedStyleProperty !== \'inherit\') {\n      return computedStyleProperty;\n    }\n\n    let parentElement = parentElementForElement(element);\n    return cascadedStylePropertyForElement(parentElement, property);\n  }\n\n  function elementSubtreeHasNonZeroDimensions(element) {\n    let boundingBox = element.getBoundingClientRect();\n\n    if (boundingBox.width > 0 && boundingBox.height > 0) {\n      return true;\n    }\n\n    if (element.tagName.toUpperCase() === \'PATH\' && boundingBox.width + boundingBox.height > 0) {\n      let strokeWidth = cascadedStylePropertyForElement(element, \'stroke-width\');\n      return !!strokeWidth && parseInt(strokeWidth, 10) > 0;\n    }\n\n    let cascadedOverflow = cascadedStylePropertyForElement(element, \'overflow\');\n\n    if (cascadedOverflow === \'hidden\') {\n      return false;\n    }\n\n    return Array.from(element.childNodes).some(childNode => {\n      if (childNode.nodeType === Node.TEXT_NODE) {\n        return true;\n      }\n\n      if (nodeIsElement(childNode)) {\n        return elementSubtreeHasNonZeroDimensions(childNode);\n      }\n\n      return false;\n    });\n  }\n\n  function elementOverflowsContainer(element) {\n    let cascadedOverflow = cascadedStylePropertyForElement(element, \'overflow\');\n\n    if (cascadedOverflow !== \'hidden\') {\n      return false;\n    }\n\n    return true;\n  }\n\n  function isElementSubtreeHiddenByOverflow(element) {\n    if (!element) {\n      return false;\n    }\n\n    if (!elementOverflowsContainer(element)) {\n      return false;\n    }\n\n    if (!element.childNodes.length) {\n      return false;\n    }\n\n    return Array.from(element.childNodes).every(childNode => {\n      if (childNode.nodeType === Node.TEXT_NODE) {\n        return false;\n      }\n\n      if (!nodeIsElement(childNode)) {\n        return true;\n      }\n\n      if (!elementSubtreeHasNonZeroDimensions(childNode)) {\n        return true;\n      }\n\n      return isElementSubtreeHiddenByOverflow(childNode);\n    });\n  }\n\n  function isElementInsideShadowRoot(element) {\n    if (!element) {\n      return false;\n    }\n\n    if (element.parentNode && element.parentNode.host) {\n      return true;\n    }\n\n    return isElementInsideShadowRoot(element.parentNode);\n  }\n\n  if (!isElementInsideShadowRoot(element) && !document.contains(element)) {\n    return false;\n  }\n\n  switch (element.tagName.toUpperCase()) {\n    case \'BODY\':\n      return true;\n\n    case \'SCRIPT\':\n    case \'NOSCRIPT\':\n      return false;\n\n    case \'OPTGROUP\':\n    case \'OPTION\':\n      {\n        let enclosingSelectElement = enclosingNodeOrSelfMatchingPredicate(element, e => e.tagName.toUpperCase() === \'SELECT\');\n        return isElementDisplayed(enclosingSelectElement);\n      }\n\n    case \'INPUT\':\n      if (element.type === \'hidden\') {\n        return false;\n      }\n\n      break;\n\n    default:\n      break;\n  }\n\n  if (cascadedStylePropertyForElement(element, \'visibility\') !== \'visible\') {\n    return false;\n  }\n\n  let hasAncestorWithZeroOpacity = !!enclosingElementOrSelfMatchingPredicate(element, e => {\n    return Number(cascadedStylePropertyForElement(e, \'opacity\')) === 0;\n  });\n  let hasAncestorWithDisplayNone = !!enclosingElementOrSelfMatchingPredicate(element, e => {\n    return cascadedStylePropertyForElement(e, \'display\') === \'none\';\n  });\n\n  if (hasAncestorWithZeroOpacity || hasAncestorWithDisplayNone) {\n    return false;\n  }\n\n  if (!elementSubtreeHasNonZeroDimensions(element)) {\n    return false;\n  }\n\n  if (isElementSubtreeHiddenByOverflow(element)) {\n    return false;\n  }\n\n  return true;\n}).apply(null, arguments)',
  args:
   [ { 'element-6066-11e4-a52e-4f735466cecf': 'a27edf0d-0c0e-4145-a6ff-8dbe684acd84',
       ELEMENT: 'a27edf0d-0c0e-4145-a6ff-8dbe684acd84' } ] }
[0-0] 2019-09-20T10:41:04.456Z INFO webdriver: RESULT true
[0-0] 2019-09-20T10:41:04.459Z INFO webdriver: COMMAND findElement("css selector", "div#mp-tfa")
[0-0] 2019-09-20T10:41:04.459Z INFO webdriver: [POST] http://127.0.0.1:4444/wd/hub/session/dabeb7a5d5977db1f3d261aceab45215/element
[0-0] 2019-09-20T10:41:04.460Z INFO webdriver: DATA { using: 'css selector', value: 'div#mp-tfa' }
[0-0] 2019-09-20T10:41:04.488Z INFO webdriver: RESULT { 'element-6066-11e4-a52e-4f735466cecf': 'd826b522-e5fb-4e4d-8665-a3b4f1333e95' }
[0-0] 2019-09-20T10:41:04.492Z INFO webdriver: COMMAND executeScript(<fn>, <object>)
[0-0] 2019-09-20T10:41:04.493Z INFO webdriver: [POST] http://127.0.0.1:4444/wd/hub/session/dabeb7a5d5977db1f3d261aceab45215/execute/sync
[0-0] 2019-09-20T10:41:04.493Z INFO webdriver: DATA { script:
   'return (function isElementDisplayed(element) {\n  function nodeIsElement(node) {\n    if (!node) {\n      return false;\n    }\n\n    switch (node.nodeType) {\n      case Node.ELEMENT_NODE:\n      case Node.DOCUMENT_NODE:\n      case Node.DOCUMENT_FRAGMENT_NODE:\n        return true;\n\n      default:\n        return false;\n    }\n  }\n\n  function parentElementForElement(element) {\n    if (!element) {\n      return null;\n    }\n\n    return enclosingNodeOrSelfMatchingPredicate(element.parentNode, nodeIsElement);\n  }\n\n  function enclosingNodeOrSelfMatchingPredicate(targetNode, predicate) {\n    for (let node = targetNode; node && node !== targetNode.ownerDocument; node = node.parentNode) if (predicate(node)) {\n      return node;\n    }\n\n    return null;\n  }\n\n  function enclosingElementOrSelfMatchingPredicate(targetElement, predicate) {\n    for (let element = targetElement; element && element !== targetElement.ownerDocument; element = parentElementForElement(element)) if (predicate(element)) {\n      return element;\n    }\n\n    return null;\n  }\n\n  function cascadedStylePropertyForElement(element, property) {\n    if (!element || !property) {\n      return null;\n    }\n\n    if (element instanceof DocumentFragment) {\n      element = element.host;\n    }\n\n    let computedStyle = window.getComputedStyle(element);\n    let computedStyleProperty = computedStyle.getPropertyValue(property);\n\n    if (computedStyleProperty && computedStyleProperty !== \'inherit\') {\n      return computedStyleProperty;\n    }\n\n    let parentElement = parentElementForElement(element);\n    return cascadedStylePropertyForElement(parentElement, property);\n  }\n\n  function elementSubtreeHasNonZeroDimensions(element) {\n    let boundingBox = element.getBoundingClientRect();\n\n    if (boundingBox.width > 0 && boundingBox.height > 0) {\n      return true;\n    }\n\n    if (element.tagName.toUpperCase() === \'PATH\' && boundingBox.width + boundingBox.height > 0) {\n      let strokeWidth = cascadedStylePropertyForElement(element, \'stroke-width\');\n      return !!strokeWidth && parseInt(strokeWidth, 10) > 0;\n    }\n\n    let cascadedOverflow = cascadedStylePropertyForElement(element, \'overflow\');\n\n    if (cascadedOverflow === \'hidden\') {\n      return false;\n    }\n\n    return Array.from(element.childNodes).some(childNode => {\n      if (childNode.nodeType === Node.TEXT_NODE) {\n        return true;\n      }\n\n      if (nodeIsElement(childNode)) {\n        return elementSubtreeHasNonZeroDimensions(childNode);\n      }\n\n      return false;\n    });\n  }\n\n  function elementOverflowsContainer(element) {\n    let cascadedOverflow = cascadedStylePropertyForElement(element, \'overflow\');\n\n    if (cascadedOverflow !== \'hidden\') {\n      return false;\n    }\n\n    return true;\n  }\n\n  function isElementSubtreeHiddenByOverflow(element) {\n    if (!element) {\n      return false;\n    }\n\n    if (!elementOverflowsContainer(element)) {\n      return false;\n    }\n\n    if (!element.childNodes.length) {\n      return false;\n    }\n\n    return Array.from(element.childNodes).every(childNode => {\n      if (childNode.nodeType === Node.TEXT_NODE) {\n        return false;\n      }\n\n      if (!nodeIsElement(childNode)) {\n        return true;\n      }\n\n      if (!elementSubtreeHasNonZeroDimensions(childNode)) {\n        return true;\n      }\n\n      return isElementSubtreeHiddenByOverflow(childNode);\n    });\n  }\n\n  function isElementInsideShadowRoot(element) {\n    if (!element) {\n      return false;\n    }\n\n    if (element.parentNode && element.parentNode.host) {\n      return true;\n    }\n\n    return isElementInsideShadowRoot(element.parentNode);\n  }\n\n  if (!isElementInsideShadowRoot(element) && !document.contains(element)) {\n    return false;\n  }\n\n  switch (element.tagName.toUpperCase()) {\n    case \'BODY\':\n      return true;\n\n    case \'SCRIPT\':\n    case \'NOSCRIPT\':\n      return false;\n\n    case \'OPTGROUP\':\n    case \'OPTION\':\n      {\n        let enclosingSelectElement = enclosingNodeOrSelfMatchingPredicate(element, e => e.tagName.toUpperCase() === \'SELECT\');\n        return isElementDisplayed(enclosingSelectElement);\n      }\n\n    case \'INPUT\':\n      if (element.type === \'hidden\') {\n        return false;\n      }\n\n      break;\n\n    default:\n      break;\n  }\n\n  if (cascadedStylePropertyForElement(element, \'visibility\') !== \'visible\') {\n    return false;\n  }\n\n  let hasAncestorWithZeroOpacity = !!enclosingElementOrSelfMatchingPredicate(element, e => {\n    return Number(cascadedStylePropertyForElement(e, \'opacity\')) === 0;\n  });\n  let hasAncestorWithDisplayNone = !!enclosingElementOrSelfMatchingPredicate(element, e => {\n    return cascadedStylePropertyForElement(e, \'display\') === \'none\';\n  });\n\n  if (hasAncestorWithZeroOpacity || hasAncestorWithDisplayNone) {\n    return false;\n  }\n\n  if (!elementSubtreeHasNonZeroDimensions(element)) {\n    return false;\n  }\n\n  if (isElementSubtreeHiddenByOverflow(element)) {\n    return false;\n  }\n\n  return true;\n}).apply(null, arguments)',
  args:
   [ { 'element-6066-11e4-a52e-4f735466cecf': 'd826b522-e5fb-4e4d-8665-a3b4f1333e95',
       ELEMENT: 'd826b522-e5fb-4e4d-8665-a3b4f1333e95' } ] }
[0-0] 2019-09-20T10:41:04.555Z INFO webdriver: RESULT true
[0-0] 2019-09-20T10:41:04.559Z INFO webdriver: COMMAND findElement("css selector", "input#searchInput")
[0-0] 2019-09-20T10:41:04.559Z INFO webdriver: [POST] http://127.0.0.1:4444/wd/hub/session/dabeb7a5d5977db1f3d261aceab45215/element
[0-0] 2019-09-20T10:41:04.559Z INFO webdriver: DATA { using: 'css selector', value: 'input#searchInput' }
[0-0] 2019-09-20T10:41:04.597Z INFO webdriver: RESULT { 'element-6066-11e4-a52e-4f735466cecf': '0cdf8bb6-21af-497c-9cd2-2f2695f3e7a5' }
[0-0] 2019-09-20T10:41:04.600Z INFO webdriver: COMMAND elementClear("0cdf8bb6-21af-497c-9cd2-2f2695f3e7a5")
[0-0] 2019-09-20T10:41:04.601Z INFO webdriver: [POST] http://127.0.0.1:4444/wd/hub/session/dabeb7a5d5977db1f3d261aceab45215/element/0cdf8bb6-21af-497c-9cd2-2f2695f3e7a5/clear
[0-0] 2019-09-20T10:41:04.677Z INFO webdriver: COMMAND elementSendKeys("0cdf8bb6-21af-497c-9cd2-2f2695f3e7a5", "Selenium")
[0-0] 2019-09-20T10:41:04.678Z INFO webdriver: [POST] http://127.0.0.1:4444/wd/hub/session/dabeb7a5d5977db1f3d261aceab45215/element/0cdf8bb6-21af-497c-9cd2-2f2695f3e7a5/value
[0-0] 2019-09-20T10:41:04.678Z INFO webdriver: DATA { text: 'Selenium' }
[0-0] 2019-09-20T10:41:04.767Z INFO webdriver: COMMAND findElement("css selector", "input#searchButton")
[0-0] 2019-09-20T10:41:04.767Z INFO webdriver: [POST] http://127.0.0.1:4444/wd/hub/session/dabeb7a5d5977db1f3d261aceab45215/element
[0-0] 2019-09-20T10:41:04.767Z INFO webdriver: DATA { using: 'css selector', value: 'input#searchButton' }
[0-0] 2019-09-20T10:41:04.799Z INFO webdriver: RESULT { 'element-6066-11e4-a52e-4f735466cecf': '85f9b33d-84be-44eb-831e-230627104b0d' }
[0-0] 2019-09-20T10:41:04.803Z INFO webdriver: COMMAND elementClick("85f9b33d-84be-44eb-831e-230627104b0d")
[0-0] 2019-09-20T10:41:04.804Z INFO webdriver: [POST] http://127.0.0.1:4444/wd/hub/session/dabeb7a5d5977db1f3d261aceab45215/element/85f9b33d-84be-44eb-831e-230627104b0d/click
[0-0] 2019-09-20T10:41:06.202Z INFO webdriver: COMMAND findElement("css selector", "div#content")
[0-0] 2019-09-20T10:41:06.202Z INFO webdriver: [POST] http://127.0.0.1:4444/wd/hub/session/dabeb7a5d5977db1f3d261aceab45215/element
[0-0] 2019-09-20T10:41:06.202Z INFO webdriver: DATA { using: 'css selector', value: 'div#content' }
[0-0] 2019-09-20T10:41:06.221Z INFO webdriver: RESULT { 'element-6066-11e4-a52e-4f735466cecf': 'f931aa58-61f8-42a8-90e9-faf8974b092f' }
[0-0] 2019-09-20T10:41:06.224Z INFO webdriver: COMMAND executeScript(<fn>, <object>)
[0-0] 2019-09-20T10:41:06.225Z INFO webdriver: [POST] http://127.0.0.1:4444/wd/hub/session/dabeb7a5d5977db1f3d261aceab45215/execute/sync
[0-0] 2019-09-20T10:41:06.225Z INFO webdriver: DATA { script:
   'return (function isElementDisplayed(element) {\n  function nodeIsElement(node) {\n    if (!node) {\n      return false;\n    }\n\n    switch (node.nodeType) {\n      case Node.ELEMENT_NODE:\n      case Node.DOCUMENT_NODE:\n      case Node.DOCUMENT_FRAGMENT_NODE:\n        return true;\n\n      default:\n        return false;\n    }\n  }\n\n  function parentElementForElement(element) {\n    if (!element) {\n      return null;\n    }\n\n    return enclosingNodeOrSelfMatchingPredicate(element.parentNode, nodeIsElement);\n  }\n\n  function enclosingNodeOrSelfMatchingPredicate(targetNode, predicate) {\n    for (let node = targetNode; node && node !== targetNode.ownerDocument; node = node.parentNode) if (predicate(node)) {\n      return node;\n    }\n\n    return null;\n  }\n\n  function enclosingElementOrSelfMatchingPredicate(targetElement, predicate) {\n    for (let element = targetElement; element && element !== targetElement.ownerDocument; element = parentElementForElement(element)) if (predicate(element)) {\n      return element;\n    }\n\n    return null;\n  }\n\n  function cascadedStylePropertyForElement(element, property) {\n    if (!element || !property) {\n      return null;\n    }\n\n    if (element instanceof DocumentFragment) {\n      element = element.host;\n    }\n\n    let computedStyle = window.getComputedStyle(element);\n    let computedStyleProperty = computedStyle.getPropertyValue(property);\n\n    if (computedStyleProperty && computedStyleProperty !== \'inherit\') {\n      return computedStyleProperty;\n    }\n\n    let parentElement = parentElementForElement(element);\n    return cascadedStylePropertyForElement(parentElement, property);\n  }\n\n  function elementSubtreeHasNonZeroDimensions(element) {\n    let boundingBox = element.getBoundingClientRect();\n\n    if (boundingBox.width > 0 && boundingBox.height > 0) {\n      return true;\n    }\n\n    if (element.tagName.toUpperCase() === \'PATH\' && boundingBox.width + boundingBox.height > 0) {\n      let strokeWidth = cascadedStylePropertyForElement(element, \'stroke-width\');\n      return !!strokeWidth && parseInt(strokeWidth, 10) > 0;\n    }\n\n    let cascadedOverflow = cascadedStylePropertyForElement(element, \'overflow\');\n\n    if (cascadedOverflow === \'hidden\') {\n      return false;\n    }\n\n    return Array.from(element.childNodes).some(childNode => {\n      if (childNode.nodeType === Node.TEXT_NODE) {\n        return true;\n      }\n\n      if (nodeIsElement(childNode)) {\n        return elementSubtreeHasNonZeroDimensions(childNode);\n      }\n\n      return false;\n    });\n  }\n\n  function elementOverflowsContainer(element) {\n    let cascadedOverflow = cascadedStylePropertyForElement(element, \'overflow\');\n\n    if (cascadedOverflow !== \'hidden\') {\n      return false;\n    }\n\n    return true;\n  }\n\n  function isElementSubtreeHiddenByOverflow(element) {\n    if (!element) {\n      return false;\n    }\n\n    if (!elementOverflowsContainer(element)) {\n      return false;\n    }\n\n    if (!element.childNodes.length) {\n      return false;\n    }\n\n    return Array.from(element.childNodes).every(childNode => {\n      if (childNode.nodeType === Node.TEXT_NODE) {\n        return false;\n      }\n\n      if (!nodeIsElement(childNode)) {\n        return true;\n      }\n\n      if (!elementSubtreeHasNonZeroDimensions(childNode)) {\n        return true;\n      }\n\n      return isElementSubtreeHiddenByOverflow(childNode);\n    });\n  }\n\n  function isElementInsideShadowRoot(element) {\n    if (!element) {\n      return false;\n    }\n\n    if (element.parentNode && element.parentNode.host) {\n      return true;\n    }\n\n    return isElementInsideShadowRoot(element.parentNode);\n  }\n\n  if (!isElementInsideShadowRoot(element) && !document.contains(element)) {\n    return false;\n  }\n\n  switch (element.tagName.toUpperCase()) {\n    case \'BODY\':\n      return true;\n\n    case \'SCRIPT\':\n    case \'NOSCRIPT\':\n      return false;\n\n    case \'OPTGROUP\':\n    case \'OPTION\':\n      {\n        let enclosingSelectElement = enclosingNodeOrSelfMatchingPredicate(element, e => e.tagName.toUpperCase() === \'SELECT\');\n        return isElementDisplayed(enclosingSelectElement);\n      }\n\n    case \'INPUT\':\n      if (element.type === \'hidden\') {\n        return false;\n      }\n\n      break;\n\n    default:\n      break;\n  }\n\n  if (cascadedStylePropertyForElement(element, \'visibility\') !== \'visible\') {\n    return false;\n  }\n\n  let hasAncestorWithZeroOpacity = !!enclosingElementOrSelfMatchingPredicate(element, e => {\n    return Number(cascadedStylePropertyForElement(e, \'opacity\')) === 0;\n  });\n  let hasAncestorWithDisplayNone = !!enclosingElementOrSelfMatchingPredicate(element, e => {\n    return cascadedStylePropertyForElement(e, \'display\') === \'none\';\n  });\n\n  if (hasAncestorWithZeroOpacity || hasAncestorWithDisplayNone) {\n    return false;\n  }\n\n  if (!elementSubtreeHasNonZeroDimensions(element)) {\n    return false;\n  }\n\n  if (isElementSubtreeHiddenByOverflow(element)) {\n    return false;\n  }\n\n  return true;\n}).apply(null, arguments)',
  args:
   [ { 'element-6066-11e4-a52e-4f735466cecf': 'f931aa58-61f8-42a8-90e9-faf8974b092f',
       ELEMENT: 'f931aa58-61f8-42a8-90e9-faf8974b092f' } ] }
[0-0] 2019-09-20T10:41:06.243Z INFO webdriver: RESULT true
[0-0] 2019-09-20T10:41:06.244Z INFO webdriver: COMMAND findElement("css selector", "h1#firstHeading")
[0-0] 2019-09-20T10:41:06.244Z INFO webdriver: [POST] http://127.0.0.1:4444/wd/hub/session/dabeb7a5d5977db1f3d261aceab45215/element
[0-0] 2019-09-20T10:41:06.244Z INFO webdriver: DATA { using: 'css selector', value: 'h1#firstHeading' }
[0-0] 2019-09-20T10:41:06.264Z INFO webdriver: RESULT { 'element-6066-11e4-a52e-4f735466cecf': '5be27356-469b-4215-80cb-d4606bd8a80e' }
[0-0] 2019-09-20T10:41:06.271Z INFO webdriver: COMMAND getElementText("5be27356-469b-4215-80cb-d4606bd8a80e")
[0-0] 2019-09-20T10:41:06.272Z INFO webdriver: [GET] http://127.0.0.1:4444/wd/hub/session/dabeb7a5d5977db1f3d261aceab45215/element/5be27356-469b-4215-80cb-d4606bd8a80e/text
[0-0] 2019-09-20T10:41:06.345Z INFO webdriver: RESULT Selenium
[0-0] 2019-09-20T10:41:06.349Z INFO webdriver: COMMAND getElementText("5be27356-469b-4215-80cb-d4606bd8a80e")
[0-0] 2019-09-20T10:41:06.350Z INFO webdriver: [GET] http://127.0.0.1:4444/wd/hub/session/dabeb7a5d5977db1f3d261aceab45215/element/5be27356-469b-4215-80cb-d4606bd8a80e/text
[0-0] 2019-09-20T10:41:06.374Z INFO webdriver: RESULT Selenium
[0-0] Error in "undefined"
Expected 'Selenium' to contain '(software)'.
[0-0] 2019-09-20T10:41:06.378Z INFO webdriver: COMMAND deleteSession()
[0-0] 2019-09-20T10:41:06.379Z INFO webdriver: [DELETE] http://127.0.0.1:4444/wd/hub/session/dabeb7a5d5977db1f3d261aceab45215
2019-09-20T10:41:06.643Z DEBUG @wdio/local-runner: Runner 0-0 finished with exit code 1
[0-0] FAILED in chrome - C:\dev\eclipse-workspace\minimum_wp_example\spec\wp.spec.js
2019-09-20T10:41:06.645Z INFO @wdio/cli:Launcher: Run onComplete hook
2019-09-20T10:41:06.645Z INFO @wdio/selenium-standalone-service: shutting down all browsers

 "spec" Reporter:
------------------------------------------------------------------
[chrome  windows nt #0-0] Spec: C:\dev\eclipse-workspace\minimum_wp_example\spec\wp.spec.js
[chrome  windows nt #0-0] Running: chrome on windows nt
[chrome  windows nt #0-0]
[chrome  windows nt #0-0] Wikipedia main page
[chrome  windows nt #0-0]    ✓ should have a featured article section
[chrome  windows nt #0-0]
[chrome  windows nt #0-0]     should allow searching for Selenium
[chrome  windows nt #0-0]        ✓ and show the article heading
[chrome  windows nt #0-0]        ✖ and have the heading contain (software)
[chrome  windows nt #0-0]
[chrome  windows nt #0-0] 2 passing (7.3s)
[chrome  windows nt #0-0] 1 failing
[chrome  windows nt #0-0]
[chrome  windows nt #0-0] 1) should allow searching for Selenium and have the heading contain (software)
[chrome  windows nt #0-0] Expected 'Selenium' to contain '(software)'.
[chrome  windows nt #0-0] Error: Expected 'Selenium' to contain '(software)'.
[chrome  windows nt #0-0]     at <Jasmine>
[chrome  windows nt #0-0]     at <Jasmine>
[chrome  windows nt #0-0]     at UserContext.<anonymous> (C:\dev\eclipse-workspace\minimum_wp_example\spec\wp.spec.js:33:46)


Spec Files:	 0 passed, 1 failed, 1 total (100% completed) in 00:00:15 

2019-09-20T10:41:06.648Z INFO @wdio/local-runner: Shutting down spawned worker
2019-09-20T10:41:06.899Z INFO @wdio/local-runner: Waiting for 0 to shut down gracefully
2019-09-20T10:41:06.900Z INFO @wdio/local-runner: shutting down
