
> minimum_wp_example@1.0.0 test C:\dev\eclipse-workspace\minimum_wp_example
> wdio wdio.conf.js "--spec" "wp"


Execution of 1 spec files started at 2019-09-20T10:42:58.887Z

2019-09-20T10:42:58.940Z INFO @wdio/cli:Launcher: Run onPrepare hook
2019-09-20T10:43:00.367Z INFO @wdio/local-runner: Start worker 0-0 with arg: wdio.conf.js,--spec,wp
[0-0] RUNNING in chrome - C:\dev\eclipse-workspace\minimum_wp_example\spec\wp.spec.js
[0-0] 2019-09-20T10:43:01.134Z INFO @wdio/local-runner: Run worker command: run
[0-0] 2019-09-20T10:43:01.286Z INFO webdriverio: Initiate new session using the webdriver protocol
[0-0] 2019-09-20T10:43:01.289Z INFO webdriver: [POST] http://127.0.0.1:4444/wd/hub/session
[0-0] 2019-09-20T10:43:01.289Z INFO webdriver: DATA { capabilities:
   { alwaysMatch: { browserName: 'chrome', 'goog:chromeOptions': [Object] },
     firstMatch: [ {} ] },
  desiredCapabilities:
   { browserName: 'chrome',
     'goog:chromeOptions':
      { binary: 'C:\\ProgramFilesWithoutAdminRights\\chrome76\\chrome.exe' } } }
[0-0] 2019-09-20T10:43:07.082Z INFO webdriver: COMMAND maximizeWindow()
[0-0] 2019-09-20T10:43:07.083Z INFO webdriver: [POST] http://127.0.0.1:4444/wd/hub/session/5e5e68f94147e732fbe72c578b29ca02/window/maximize
[0-0] 2019-09-20T10:43:11.226Z INFO webdriver: RESULT { height: 1176, width: 1936, x: -8, y: -8 }
[0-0] 2019-09-20T10:43:11.237Z INFO webdriver: COMMAND navigateTo("https://en.wikipedia.org/wiki/Main_Page")
[0-0] 2019-09-20T10:43:11.238Z INFO webdriver: [POST] http://127.0.0.1:4444/wd/hub/session/5e5e68f94147e732fbe72c578b29ca02/url
[0-0] 2019-09-20T10:43:11.238Z INFO webdriver: DATA { url: 'https://en.wikipedia.org/wiki/Main_Page' }
[0-0] 2019-09-20T10:43:12.081Z INFO webdriver: COMMAND findElement("css selector", "a.mw-wiki-logo")
[0-0] 2019-09-20T10:43:12.082Z INFO webdriver: [POST] http://127.0.0.1:4444/wd/hub/session/5e5e68f94147e732fbe72c578b29ca02/element
[0-0] 2019-09-20T10:43:12.082Z INFO webdriver: DATA { using: 'css selector', value: 'a.mw-wiki-logo' }
[0-0] 2019-09-20T10:43:12.165Z INFO webdriver: RESULT { 'element-6066-11e4-a52e-4f735466cecf': 'fa722ad6-7279-4145-abdf-4617bd40b2a6' }
[0-0] 2019-09-20T10:43:12.177Z INFO webdriver: COMMAND executeScript(<fn>, <object>)
[0-0] 2019-09-20T10:43:12.177Z INFO webdriver: [POST] http://127.0.0.1:4444/wd/hub/session/5e5e68f94147e732fbe72c578b29ca02/execute/sync
[0-0] 2019-09-20T10:43:12.177Z INFO webdriver: DATA { script:
   'return (function isElementDisplayed(element) {\n  function nodeIsElement(node) {\n    if (!node) {\n      return false;\n    }\n\n    switch (node.nodeType) {\n      case Node.ELEMENT_NODE:\n      case Node.DOCUMENT_NODE:\n      case Node.DOCUMENT_FRAGMENT_NODE:\n        return true;\n\n      default:\n        return false;\n    }\n  }\n\n  function parentElementForElement(element) {\n    if (!element) {\n      return null;\n    }\n\n    return enclosingNodeOrSelfMatchingPredicate(element.parentNode, nodeIsElement);\n  }\n\n  function enclosingNodeOrSelfMatchingPredicate(targetNode, predicate) {\n    for (let node = targetNode; node && node !== targetNode.ownerDocument; node = node.parentNode) if (predicate(node)) {\n      return node;\n    }\n\n    return null;\n  }\n\n  function enclosingElementOrSelfMatchingPredicate(targetElement, predicate) {\n    for (let element = targetElement; element && element !== targetElement.ownerDocument; element = parentElementForElement(element)) if (predicate(element)) {\n      return element;\n    }\n\n    return null;\n  }\n\n  function cascadedStylePropertyForElement(element, property) {\n    if (!element || !property) {\n      return null;\n    }\n\n    if (element instanceof DocumentFragment) {\n      element = element.host;\n    }\n\n    let computedStyle = window.getComputedStyle(element);\n    let computedStyleProperty = computedStyle.getPropertyValue(property);\n\n    if (computedStyleProperty && computedStyleProperty !== \'inherit\') {\n      return computedStyleProperty;\n    }\n\n    let parentElement = parentElementForElement(element);\n    return cascadedStylePropertyForElement(parentElement, property);\n  }\n\n  function elementSubtreeHasNonZeroDimensions(element) {\n    let boundingBox = element.getBoundingClientRect();\n\n    if (boundingBox.width > 0 && boundingBox.height > 0) {\n      return true;\n    }\n\n    if (element.tagName.toUpperCase() === \'PATH\' && boundingBox.width + boundingBox.height > 0) {\n      let strokeWidth = cascadedStylePropertyForElement(element, \'stroke-width\');\n      return !!strokeWidth && parseInt(strokeWidth, 10) > 0;\n    }\n\n    let cascadedOverflow = cascadedStylePropertyForElement(element, \'overflow\');\n\n    if (cascadedOverflow === \'hidden\') {\n      return false;\n    }\n\n    return Array.from(element.childNodes).some(childNode => {\n      if (childNode.nodeType === Node.TEXT_NODE) {\n        return true;\n      }\n\n      if (nodeIsElement(childNode)) {\n        return elementSubtreeHasNonZeroDimensions(childNode);\n      }\n\n      return false;\n    });\n  }\n\n  function elementOverflowsContainer(element) {\n    let cascadedOverflow = cascadedStylePropertyForElement(element, \'overflow\');\n\n    if (cascadedOverflow !== \'hidden\') {\n      return false;\n    }\n\n    return true;\n  }\n\n  function isElementSubtreeHiddenByOverflow(element) {\n    if (!element) {\n      return false;\n    }\n\n    if (!elementOverflowsContainer(element)) {\n      return false;\n    }\n\n    if (!element.childNodes.length) {\n      return false;\n    }\n\n    return Array.from(element.childNodes).every(childNode => {\n      if (childNode.nodeType === Node.TEXT_NODE) {\n        return false;\n      }\n\n      if (!nodeIsElement(childNode)) {\n        return true;\n      }\n\n      if (!elementSubtreeHasNonZeroDimensions(childNode)) {\n        return true;\n      }\n\n      return isElementSubtreeHiddenByOverflow(childNode);\n    });\n  }\n\n  function isElementInsideShadowRoot(element) {\n    if (!element) {\n      return false;\n    }\n\n    if (element.parentNode && element.parentNode.host) {\n      return true;\n    }\n\n    return isElementInsideShadowRoot(element.parentNode);\n  }\n\n  if (!isElementInsideShadowRoot(element) && !document.contains(element)) {\n    return false;\n  }\n\n  switch (element.tagName.toUpperCase()) {\n    case \'BODY\':\n      return true;\n\n    case \'SCRIPT\':\n    case \'NOSCRIPT\':\n      return false;\n\n    case \'OPTGROUP\':\n    case \'OPTION\':\n      {\n        let enclosingSelectElement = enclosingNodeOrSelfMatchingPredicate(element, e => e.tagName.toUpperCase() === \'SELECT\');\n        return isElementDisplayed(enclosingSelectElement);\n      }\n\n    case \'INPUT\':\n      if (element.type === \'hidden\') {\n        return false;\n      }\n\n      break;\n\n    default:\n      break;\n  }\n\n  if (cascadedStylePropertyForElement(element, \'visibility\') !== \'visible\') {\n    return false;\n  }\n\n  let hasAncestorWithZeroOpacity = !!enclosingElementOrSelfMatchingPredicate(element, e => {\n    return Number(cascadedStylePropertyForElement(e, \'opacity\')) === 0;\n  });\n  let hasAncestorWithDisplayNone = !!enclosingElementOrSelfMatchingPredicate(element, e => {\n    return cascadedStylePropertyForElement(e, \'display\') === \'none\';\n  });\n\n  if (hasAncestorWithZeroOpacity || hasAncestorWithDisplayNone) {\n    return false;\n  }\n\n  if (!elementSubtreeHasNonZeroDimensions(element)) {\n    return false;\n  }\n\n  if (isElementSubtreeHiddenByOverflow(element)) {\n    return false;\n  }\n\n  return true;\n}).apply(null, arguments)',
  args:
   [ { 'element-6066-11e4-a52e-4f735466cecf': 'fa722ad6-7279-4145-abdf-4617bd40b2a6',
       ELEMENT: 'fa722ad6-7279-4145-abdf-4617bd40b2a6' } ] }
[0-0] 2019-09-20T10:43:12.205Z INFO webdriver: RESULT true
[0-0] 2019-09-20T10:43:12.208Z INFO webdriver: COMMAND findElement("css selector", "div#mp-tfa")
[0-0] 2019-09-20T10:43:12.209Z INFO webdriver: [POST] http://127.0.0.1:4444/wd/hub/session/5e5e68f94147e732fbe72c578b29ca02/element
[0-0] 2019-09-20T10:43:12.209Z INFO webdriver: DATA { using: 'css selector', value: 'div#mp-tfa' }
[0-0] 2019-09-20T10:43:12.235Z INFO webdriver: RESULT { 'element-6066-11e4-a52e-4f735466cecf': '93d64570-1a66-4311-81e9-1c6bd9d45dfd' }
[0-0] 2019-09-20T10:43:12.239Z INFO webdriver: COMMAND executeScript(<fn>, <object>)
[0-0] 2019-09-20T10:43:12.239Z INFO webdriver: [POST] http://127.0.0.1:4444/wd/hub/session/5e5e68f94147e732fbe72c578b29ca02/execute/sync
[0-0] 2019-09-20T10:43:12.239Z INFO webdriver: DATA { script:
   'return (function isElementDisplayed(element) {\n  function nodeIsElement(node) {\n    if (!node) {\n      return false;\n    }\n\n    switch (node.nodeType) {\n      case Node.ELEMENT_NODE:\n      case Node.DOCUMENT_NODE:\n      case Node.DOCUMENT_FRAGMENT_NODE:\n        return true;\n\n      default:\n        return false;\n    }\n  }\n\n  function parentElementForElement(element) {\n    if (!element) {\n      return null;\n    }\n\n    return enclosingNodeOrSelfMatchingPredicate(element.parentNode, nodeIsElement);\n  }\n\n  function enclosingNodeOrSelfMatchingPredicate(targetNode, predicate) {\n    for (let node = targetNode; node && node !== targetNode.ownerDocument; node = node.parentNode) if (predicate(node)) {\n      return node;\n    }\n\n    return null;\n  }\n\n  function enclosingElementOrSelfMatchingPredicate(targetElement, predicate) {\n    for (let element = targetElement; element && element !== targetElement.ownerDocument; element = parentElementForElement(element)) if (predicate(element)) {\n      return element;\n    }\n\n    return null;\n  }\n\n  function cascadedStylePropertyForElement(element, property) {\n    if (!element || !property) {\n      return null;\n    }\n\n    if (element instanceof DocumentFragment) {\n      element = element.host;\n    }\n\n    let computedStyle = window.getComputedStyle(element);\n    let computedStyleProperty = computedStyle.getPropertyValue(property);\n\n    if (computedStyleProperty && computedStyleProperty !== \'inherit\') {\n      return computedStyleProperty;\n    }\n\n    let parentElement = parentElementForElement(element);\n    return cascadedStylePropertyForElement(parentElement, property);\n  }\n\n  function elementSubtreeHasNonZeroDimensions(element) {\n    let boundingBox = element.getBoundingClientRect();\n\n    if (boundingBox.width > 0 && boundingBox.height > 0) {\n      return true;\n    }\n\n    if (element.tagName.toUpperCase() === \'PATH\' && boundingBox.width + boundingBox.height > 0) {\n      let strokeWidth = cascadedStylePropertyForElement(element, \'stroke-width\');\n      return !!strokeWidth && parseInt(strokeWidth, 10) > 0;\n    }\n\n    let cascadedOverflow = cascadedStylePropertyForElement(element, \'overflow\');\n\n    if (cascadedOverflow === \'hidden\') {\n      return false;\n    }\n\n    return Array.from(element.childNodes).some(childNode => {\n      if (childNode.nodeType === Node.TEXT_NODE) {\n        return true;\n      }\n\n      if (nodeIsElement(childNode)) {\n        return elementSubtreeHasNonZeroDimensions(childNode);\n      }\n\n      return false;\n    });\n  }\n\n  function elementOverflowsContainer(element) {\n    let cascadedOverflow = cascadedStylePropertyForElement(element, \'overflow\');\n\n    if (cascadedOverflow !== \'hidden\') {\n      return false;\n    }\n\n    return true;\n  }\n\n  function isElementSubtreeHiddenByOverflow(element) {\n    if (!element) {\n      return false;\n    }\n\n    if (!elementOverflowsContainer(element)) {\n      return false;\n    }\n\n    if (!element.childNodes.length) {\n      return false;\n    }\n\n    return Array.from(element.childNodes).every(childNode => {\n      if (childNode.nodeType === Node.TEXT_NODE) {\n        return false;\n      }\n\n      if (!nodeIsElement(childNode)) {\n        return true;\n      }\n\n      if (!elementSubtreeHasNonZeroDimensions(childNode)) {\n        return true;\n      }\n\n      return isElementSubtreeHiddenByOverflow(childNode);\n    });\n  }\n\n  function isElementInsideShadowRoot(element) {\n    if (!element) {\n      return false;\n    }\n\n    if (element.parentNode && element.parentNode.host) {\n      return true;\n    }\n\n    return isElementInsideShadowRoot(element.parentNode);\n  }\n\n  if (!isElementInsideShadowRoot(element) && !document.contains(element)) {\n    return false;\n  }\n\n  switch (element.tagName.toUpperCase()) {\n    case \'BODY\':\n      return true;\n\n    case \'SCRIPT\':\n    case \'NOSCRIPT\':\n      return false;\n\n    case \'OPTGROUP\':\n    case \'OPTION\':\n      {\n        let enclosingSelectElement = enclosingNodeOrSelfMatchingPredicate(element, e => e.tagName.toUpperCase() === \'SELECT\');\n        return isElementDisplayed(enclosingSelectElement);\n      }\n\n    case \'INPUT\':\n      if (element.type === \'hidden\') {\n        return false;\n      }\n\n      break;\n\n    default:\n      break;\n  }\n\n  if (cascadedStylePropertyForElement(element, \'visibility\') !== \'visible\') {\n    return false;\n  }\n\n  let hasAncestorWithZeroOpacity = !!enclosingElementOrSelfMatchingPredicate(element, e => {\n    return Number(cascadedStylePropertyForElement(e, \'opacity\')) === 0;\n  });\n  let hasAncestorWithDisplayNone = !!enclosingElementOrSelfMatchingPredicate(element, e => {\n    return cascadedStylePropertyForElement(e, \'display\') === \'none\';\n  });\n\n  if (hasAncestorWithZeroOpacity || hasAncestorWithDisplayNone) {\n    return false;\n  }\n\n  if (!elementSubtreeHasNonZeroDimensions(element)) {\n    return false;\n  }\n\n  if (isElementSubtreeHiddenByOverflow(element)) {\n    return false;\n  }\n\n  return true;\n}).apply(null, arguments)',
  args:
   [ { 'element-6066-11e4-a52e-4f735466cecf': '93d64570-1a66-4311-81e9-1c6bd9d45dfd',
       ELEMENT: '93d64570-1a66-4311-81e9-1c6bd9d45dfd' } ] }
[0-0] 2019-09-20T10:43:12.274Z INFO webdriver: RESULT true
[0-0] 2019-09-20T10:43:12.278Z INFO webdriver: COMMAND findElement("css selector", "input#searchInput")
[0-0] 2019-09-20T10:43:12.279Z INFO webdriver: [POST] http://127.0.0.1:4444/wd/hub/session/5e5e68f94147e732fbe72c578b29ca02/element
[0-0] 2019-09-20T10:43:12.279Z INFO webdriver: DATA { using: 'css selector', value: 'input#searchInput' }
[0-0] 2019-09-20T10:43:12.304Z INFO webdriver: RESULT { 'element-6066-11e4-a52e-4f735466cecf': '9d97ed64-a2bb-40a3-9dcc-06c13d4a0b06' }
[0-0] 2019-09-20T10:43:12.307Z INFO webdriver: COMMAND elementClear("9d97ed64-a2bb-40a3-9dcc-06c13d4a0b06")
[0-0] 2019-09-20T10:43:12.308Z INFO webdriver: [POST] http://127.0.0.1:4444/wd/hub/session/5e5e68f94147e732fbe72c578b29ca02/element/9d97ed64-a2bb-40a3-9dcc-06c13d4a0b06/clear
[0-0] 2019-09-20T10:43:12.359Z INFO webdriver: COMMAND elementSendKeys("9d97ed64-a2bb-40a3-9dcc-06c13d4a0b06", "Selenium")
[0-0] 2019-09-20T10:43:12.359Z INFO webdriver: [POST] http://127.0.0.1:4444/wd/hub/session/5e5e68f94147e732fbe72c578b29ca02/element/9d97ed64-a2bb-40a3-9dcc-06c13d4a0b06/value
[0-0] 2019-09-20T10:43:12.359Z INFO webdriver: DATA { text: 'Selenium' }
[0-0] 2019-09-20T10:43:12.466Z INFO webdriver: COMMAND findElement("css selector", "input#searchButton")
[0-0] 2019-09-20T10:43:12.467Z INFO webdriver: [POST] http://127.0.0.1:4444/wd/hub/session/5e5e68f94147e732fbe72c578b29ca02/element
[0-0] 2019-09-20T10:43:12.467Z INFO webdriver: DATA { using: 'css selector', value: 'input#searchButton' }
[0-0] 2019-09-20T10:43:12.497Z INFO webdriver: RESULT { 'element-6066-11e4-a52e-4f735466cecf': '16d416f7-bf3d-4d1b-bb1c-5f6c0d36e099' }
[0-0] 2019-09-20T10:43:12.500Z INFO webdriver: COMMAND elementClick("16d416f7-bf3d-4d1b-bb1c-5f6c0d36e099")
[0-0] 2019-09-20T10:43:12.501Z INFO webdriver: [POST] http://127.0.0.1:4444/wd/hub/session/5e5e68f94147e732fbe72c578b29ca02/element/16d416f7-bf3d-4d1b-bb1c-5f6c0d36e099/click
[0-0] 2019-09-20T10:43:13.679Z INFO webdriver: COMMAND findElement("css selector", "div#content")
[0-0] 2019-09-20T10:43:13.679Z INFO webdriver: [POST] http://127.0.0.1:4444/wd/hub/session/5e5e68f94147e732fbe72c578b29ca02/element
[0-0] 2019-09-20T10:43:13.679Z INFO webdriver: DATA { using: 'css selector', value: 'div#content' }
[0-0] 2019-09-20T10:43:13.883Z INFO webdriver: RESULT { 'element-6066-11e4-a52e-4f735466cecf': '5a99e1be-fe5d-4f99-9a71-f63800d47d30' }
[0-0] 2019-09-20T10:43:13.887Z INFO webdriver: COMMAND executeScript(<fn>, <object>)
[0-0] 2019-09-20T10:43:13.887Z INFO webdriver: [POST] http://127.0.0.1:4444/wd/hub/session/5e5e68f94147e732fbe72c578b29ca02/execute/sync
[0-0] 2019-09-20T10:43:13.888Z INFO webdriver: DATA { script:
   'return (function isElementDisplayed(element) {\n  function nodeIsElement(node) {\n    if (!node) {\n      return false;\n    }\n\n    switch (node.nodeType) {\n      case Node.ELEMENT_NODE:\n      case Node.DOCUMENT_NODE:\n      case Node.DOCUMENT_FRAGMENT_NODE:\n        return true;\n\n      default:\n        return false;\n    }\n  }\n\n  function parentElementForElement(element) {\n    if (!element) {\n      return null;\n    }\n\n    return enclosingNodeOrSelfMatchingPredicate(element.parentNode, nodeIsElement);\n  }\n\n  function enclosingNodeOrSelfMatchingPredicate(targetNode, predicate) {\n    for (let node = targetNode; node && node !== targetNode.ownerDocument; node = node.parentNode) if (predicate(node)) {\n      return node;\n    }\n\n    return null;\n  }\n\n  function enclosingElementOrSelfMatchingPredicate(targetElement, predicate) {\n    for (let element = targetElement; element && element !== targetElement.ownerDocument; element = parentElementForElement(element)) if (predicate(element)) {\n      return element;\n    }\n\n    return null;\n  }\n\n  function cascadedStylePropertyForElement(element, property) {\n    if (!element || !property) {\n      return null;\n    }\n\n    if (element instanceof DocumentFragment) {\n      element = element.host;\n    }\n\n    let computedStyle = window.getComputedStyle(element);\n    let computedStyleProperty = computedStyle.getPropertyValue(property);\n\n    if (computedStyleProperty && computedStyleProperty !== \'inherit\') {\n      return computedStyleProperty;\n    }\n\n    let parentElement = parentElementForElement(element);\n    return cascadedStylePropertyForElement(parentElement, property);\n  }\n\n  function elementSubtreeHasNonZeroDimensions(element) {\n    let boundingBox = element.getBoundingClientRect();\n\n    if (boundingBox.width > 0 && boundingBox.height > 0) {\n      return true;\n    }\n\n    if (element.tagName.toUpperCase() === \'PATH\' && boundingBox.width + boundingBox.height > 0) {\n      let strokeWidth = cascadedStylePropertyForElement(element, \'stroke-width\');\n      return !!strokeWidth && parseInt(strokeWidth, 10) > 0;\n    }\n\n    let cascadedOverflow = cascadedStylePropertyForElement(element, \'overflow\');\n\n    if (cascadedOverflow === \'hidden\') {\n      return false;\n    }\n\n    return Array.from(element.childNodes).some(childNode => {\n      if (childNode.nodeType === Node.TEXT_NODE) {\n        return true;\n      }\n\n      if (nodeIsElement(childNode)) {\n        return elementSubtreeHasNonZeroDimensions(childNode);\n      }\n\n      return false;\n    });\n  }\n\n  function elementOverflowsContainer(element) {\n    let cascadedOverflow = cascadedStylePropertyForElement(element, \'overflow\');\n\n    if (cascadedOverflow !== \'hidden\') {\n      return false;\n    }\n\n    return true;\n  }\n\n  function isElementSubtreeHiddenByOverflow(element) {\n    if (!element) {\n      return false;\n    }\n\n    if (!elementOverflowsContainer(element)) {\n      return false;\n    }\n\n    if (!element.childNodes.length) {\n      return false;\n    }\n\n    return Array.from(element.childNodes).every(childNode => {\n      if (childNode.nodeType === Node.TEXT_NODE) {\n        return false;\n      }\n\n      if (!nodeIsElement(childNode)) {\n        return true;\n      }\n\n      if (!elementSubtreeHasNonZeroDimensions(childNode)) {\n        return true;\n      }\n\n      return isElementSubtreeHiddenByOverflow(childNode);\n    });\n  }\n\n  function isElementInsideShadowRoot(element) {\n    if (!element) {\n      return false;\n    }\n\n    if (element.parentNode && element.parentNode.host) {\n      return true;\n    }\n\n    return isElementInsideShadowRoot(element.parentNode);\n  }\n\n  if (!isElementInsideShadowRoot(element) && !document.contains(element)) {\n    return false;\n  }\n\n  switch (element.tagName.toUpperCase()) {\n    case \'BODY\':\n      return true;\n\n    case \'SCRIPT\':\n    case \'NOSCRIPT\':\n      return false;\n\n    case \'OPTGROUP\':\n    case \'OPTION\':\n      {\n        let enclosingSelectElement = enclosingNodeOrSelfMatchingPredicate(element, e => e.tagName.toUpperCase() === \'SELECT\');\n        return isElementDisplayed(enclosingSelectElement);\n      }\n\n    case \'INPUT\':\n      if (element.type === \'hidden\') {\n        return false;\n      }\n\n      break;\n\n    default:\n      break;\n  }\n\n  if (cascadedStylePropertyForElement(element, \'visibility\') !== \'visible\') {\n    return false;\n  }\n\n  let hasAncestorWithZeroOpacity = !!enclosingElementOrSelfMatchingPredicate(element, e => {\n    return Number(cascadedStylePropertyForElement(e, \'opacity\')) === 0;\n  });\n  let hasAncestorWithDisplayNone = !!enclosingElementOrSelfMatchingPredicate(element, e => {\n    return cascadedStylePropertyForElement(e, \'display\') === \'none\';\n  });\n\n  if (hasAncestorWithZeroOpacity || hasAncestorWithDisplayNone) {\n    return false;\n  }\n\n  if (!elementSubtreeHasNonZeroDimensions(element)) {\n    return false;\n  }\n\n  if (isElementSubtreeHiddenByOverflow(element)) {\n    return false;\n  }\n\n  return true;\n}).apply(null, arguments)',
  args:
   [ { 'element-6066-11e4-a52e-4f735466cecf': '5a99e1be-fe5d-4f99-9a71-f63800d47d30',
       ELEMENT: '5a99e1be-fe5d-4f99-9a71-f63800d47d30' } ] }
[0-0] 2019-09-20T10:43:13.911Z INFO webdriver: RESULT true
[0-0] 2019-09-20T10:43:13.911Z INFO webdriver: COMMAND findElement("css selector", "h1#firstHeading")
[0-0] 2019-09-20T10:43:13.911Z INFO webdriver: [POST] http://127.0.0.1:4444/wd/hub/session/5e5e68f94147e732fbe72c578b29ca02/element
[0-0] 2019-09-20T10:43:13.911Z INFO webdriver: DATA { using: 'css selector', value: 'h1#firstHeading' }
[0-0] 2019-09-20T10:43:13.941Z INFO webdriver: RESULT { 'element-6066-11e4-a52e-4f735466cecf': 'a3b2ad37-972a-4acd-b52d-0c5bae19f6d5' }
[0-0] 2019-09-20T10:43:13.948Z INFO webdriver: COMMAND getElementText("a3b2ad37-972a-4acd-b52d-0c5bae19f6d5")
[0-0] 2019-09-20T10:43:13.948Z INFO webdriver: [GET] http://127.0.0.1:4444/wd/hub/session/5e5e68f94147e732fbe72c578b29ca02/element/a3b2ad37-972a-4acd-b52d-0c5bae19f6d5/text
[0-0] 2019-09-20T10:43:13.987Z INFO webdriver: RESULT Selenium
[0-0] 2019-09-20T10:43:13.992Z INFO webdriver: COMMAND getElementText("a3b2ad37-972a-4acd-b52d-0c5bae19f6d5")
[0-0] 2019-09-20T10:43:13.992Z INFO webdriver: [GET] http://127.0.0.1:4444/wd/hub/session/5e5e68f94147e732fbe72c578b29ca02/element/a3b2ad37-972a-4acd-b52d-0c5bae19f6d5/text
[0-0] 2019-09-20T10:43:14.008Z INFO webdriver: RESULT Selenium
[0-0] Error in "undefined"
Expected 'Selenium' to contain '(software)'.
[0-0] 2019-09-20T10:43:14.014Z INFO webdriver: COMMAND deleteSession()
[0-0] 2019-09-20T10:43:14.014Z INFO webdriver: [DELETE] http://127.0.0.1:4444/wd/hub/session/5e5e68f94147e732fbe72c578b29ca02
[0-0] FAILED in chrome - C:\dev\eclipse-workspace\minimum_wp_example\spec\wp.spec.js
2019-09-20T10:43:14.282Z INFO @wdio/cli:Launcher: Run onComplete hook
2019-09-20T10:43:14.283Z INFO @wdio/selenium-standalone-service: shutting down all browsers

 "spec" Reporter:
------------------------------------------------------------------
[chrome  windows nt #0-0] Spec: C:\dev\eclipse-workspace\minimum_wp_example\spec\wp.spec.js
[chrome  windows nt #0-0] Running: chrome on windows nt
[chrome  windows nt #0-0]
[chrome  windows nt #0-0] Wikipedia main page
[chrome  windows nt #0-0]    ✓ should have a featured article section
[chrome  windows nt #0-0]
[chrome  windows nt #0-0]     should allow searching for Selenium
[chrome  windows nt #0-0]        ✓ and show the article heading
[chrome  windows nt #0-0]        ✖ and have the heading contain (software)
[chrome  windows nt #0-0]
[chrome  windows nt #0-0] 2 passing (7.1s)
[chrome  windows nt #0-0] 1 failing
[chrome  windows nt #0-0]
[chrome  windows nt #0-0] 1) should allow searching for Selenium and have the heading contain (software)
[chrome  windows nt #0-0] Expected 'Selenium' to contain '(software)'.
[chrome  windows nt #0-0] Error: Expected 'Selenium' to contain '(software)'.
[chrome  windows nt #0-0]     at <Jasmine>
[chrome  windows nt #0-0]     at <Jasmine>
[chrome  windows nt #0-0]     at UserContext.<anonymous> (C:\dev\eclipse-workspace\minimum_wp_example\spec\wp.spec.js:33:46)


Spec Files:	 0 passed, 1 failed, 1 total (100% completed) in 00:00:15 

2019-09-20T10:43:14.285Z INFO @wdio/local-runner: Shutting down spawned worker
2019-09-20T10:43:14.535Z INFO @wdio/local-runner: Waiting for 0 to shut down gracefully
2019-09-20T10:43:14.536Z INFO @wdio/local-runner: shutting down
