
> minimum_wp_example@1.0.0 test C:\dev\eclipse-workspace\minimum_wp_example
> wdio wdio.conf.js "--spec" "wp"


Execution of 1 spec files started at 2019-09-20T10:40:17.948Z

2019-09-20T10:40:17.950Z DEBUG @wdio/utils:initialiseServices: initialise wdio service "selenium-standalone"
2019-09-20T10:40:18.002Z INFO @wdio/cli:Launcher: Run onPrepare hook
2019-09-20T10:40:19.526Z INFO @wdio/local-runner: Start worker 0-0 with arg: wdio.conf.js,--spec,wp
[0-0] RUNNING in chrome - C:\dev\eclipse-workspace\minimum_wp_example\spec\wp.spec.js
[0-0] 2019-09-20T10:40:20.239Z INFO @wdio/local-runner: Run worker command: run
[0-0] 2019-09-20T10:40:20.254Z DEBUG @wdio/utils:initialiseServices: initialise wdio service "selenium-standalone"
[0-0] 2019-09-20T10:40:20.393Z DEBUG @wdio/local-runner:utils: init remote session
[0-0] 2019-09-20T10:40:20.395Z INFO webdriverio: Initiate new session using the webdriver protocol
[0-0] 2019-09-20T10:40:20.397Z INFO webdriver: [POST] http://127.0.0.1:4444/wd/hub/session
[0-0] 2019-09-20T10:40:20.397Z INFO webdriver: DATA { capabilities:
   { alwaysMatch: { browserName: 'chrome', 'goog:chromeOptions': [Object] },
     firstMatch: [ {} ] },
  desiredCapabilities:
   { browserName: 'chrome',
     'goog:chromeOptions':
      { binary: 'C:\\ProgramFilesWithoutAdminRights\\chrome76\\chrome.exe' } } }
[0-0] 2019-09-20T10:40:26.403Z INFO webdriver: COMMAND maximizeWindow()
[0-0] 2019-09-20T10:40:26.404Z INFO webdriver: [POST] http://127.0.0.1:4444/wd/hub/session/805e94f646c3a2c5fe47fe978c9b9b1d/window/maximize
[0-0] 2019-09-20T10:40:30.549Z INFO webdriver: RESULT { height: 1176, width: 1936, x: -8, y: -8 }
[0-0] 2019-09-20T10:40:30.560Z INFO webdriver: COMMAND navigateTo("https://en.wikipedia.org/wiki/Main_Page")
[0-0] 2019-09-20T10:40:30.560Z INFO webdriver: [POST] http://127.0.0.1:4444/wd/hub/session/805e94f646c3a2c5fe47fe978c9b9b1d/url
[0-0] 2019-09-20T10:40:30.561Z INFO webdriver: DATA { url: 'https://en.wikipedia.org/wiki/Main_Page' }
[0-0] 2019-09-20T10:40:31.536Z INFO webdriver: COMMAND findElement("css selector", "a.mw-wiki-logo")
[0-0] 2019-09-20T10:40:31.536Z INFO webdriver: [POST] http://127.0.0.1:4444/wd/hub/session/805e94f646c3a2c5fe47fe978c9b9b1d/element
[0-0] 2019-09-20T10:40:31.536Z INFO webdriver: DATA { using: 'css selector', value: 'a.mw-wiki-logo' }
[0-0] 2019-09-20T10:40:31.608Z INFO webdriver: RESULT { 'element-6066-11e4-a52e-4f735466cecf': '0334ce3c-5330-4c44-ba64-9c76716f50d8' }
[0-0] 2019-09-20T10:40:31.623Z INFO webdriver: COMMAND executeScript(<fn>, <object>)
[0-0] 2019-09-20T10:40:31.623Z INFO webdriver: [POST] http://127.0.0.1:4444/wd/hub/session/805e94f646c3a2c5fe47fe978c9b9b1d/execute/sync
[0-0] 2019-09-20T10:40:31.623Z INFO webdriver: DATA { script:
   'return (function isElementDisplayed(element) {\n  function nodeIsElement(node) {\n    if (!node) {\n      return false;\n    }\n\n    switch (node.nodeType) {\n      case Node.ELEMENT_NODE:\n      case Node.DOCUMENT_NODE:\n      case Node.DOCUMENT_FRAGMENT_NODE:\n        return true;\n\n      default:\n        return false;\n    }\n  }\n\n  function parentElementForElement(element) {\n    if (!element) {\n      return null;\n    }\n\n    return enclosingNodeOrSelfMatchingPredicate(element.parentNode, nodeIsElement);\n  }\n\n  function enclosingNodeOrSelfMatchingPredicate(targetNode, predicate) {\n    for (let node = targetNode; node && node !== targetNode.ownerDocument; node = node.parentNode) if (predicate(node)) {\n      return node;\n    }\n\n    return null;\n  }\n\n  function enclosingElementOrSelfMatchingPredicate(targetElement, predicate) {\n    for (let element = targetElement; element && element !== targetElement.ownerDocument; element = parentElementForElement(element)) if (predicate(element)) {\n      return element;\n    }\n\n    return null;\n  }\n\n  function cascadedStylePropertyForElement(element, property) {\n    if (!element || !property) {\n      return null;\n    }\n\n    if (element instanceof DocumentFragment) {\n      element = element.host;\n    }\n\n    let computedStyle = window.getComputedStyle(element);\n    let computedStyleProperty = computedStyle.getPropertyValue(property);\n\n    if (computedStyleProperty && computedStyleProperty !== \'inherit\') {\n      return computedStyleProperty;\n    }\n\n    let parentElement = parentElementForElement(element);\n    return cascadedStylePropertyForElement(parentElement, property);\n  }\n\n  function elementSubtreeHasNonZeroDimensions(element) {\n    let boundingBox = element.getBoundingClientRect();\n\n    if (boundingBox.width > 0 && boundingBox.height > 0) {\n      return true;\n    }\n\n    if (element.tagName.toUpperCase() === \'PATH\' && boundingBox.width + boundingBox.height > 0) {\n      let strokeWidth = cascadedStylePropertyForElement(element, \'stroke-width\');\n      return !!strokeWidth && parseInt(strokeWidth, 10) > 0;\n    }\n\n    let cascadedOverflow = cascadedStylePropertyForElement(element, \'overflow\');\n\n    if (cascadedOverflow === \'hidden\') {\n      return false;\n    }\n\n    return Array.from(element.childNodes).some(childNode => {\n      if (childNode.nodeType === Node.TEXT_NODE) {\n        return true;\n      }\n\n      if (nodeIsElement(childNode)) {\n        return elementSubtreeHasNonZeroDimensions(childNode);\n      }\n\n      return false;\n    });\n  }\n\n  function elementOverflowsContainer(element) {\n    let cascadedOverflow = cascadedStylePropertyForElement(element, \'overflow\');\n\n    if (cascadedOverflow !== \'hidden\') {\n      return false;\n    }\n\n    return true;\n  }\n\n  function isElementSubtreeHiddenByOverflow(element) {\n    if (!element) {\n      return false;\n    }\n\n    if (!elementOverflowsContainer(element)) {\n      return false;\n    }\n\n    if (!element.childNodes.length) {\n      return false;\n    }\n\n    return Array.from(element.childNodes).every(childNode => {\n      if (childNode.nodeType === Node.TEXT_NODE) {\n        return false;\n      }\n\n      if (!nodeIsElement(childNode)) {\n        return true;\n      }\n\n      if (!elementSubtreeHasNonZeroDimensions(childNode)) {\n        return true;\n      }\n\n      return isElementSubtreeHiddenByOverflow(childNode);\n    });\n  }\n\n  function isElementInsideShadowRoot(element) {\n    if (!element) {\n      return false;\n    }\n\n    if (element.parentNode && element.parentNode.host) {\n      return true;\n    }\n\n    return isElementInsideShadowRoot(element.parentNode);\n  }\n\n  if (!isElementInsideShadowRoot(element) && !document.contains(element)) {\n    return false;\n  }\n\n  switch (element.tagName.toUpperCase()) {\n    case \'BODY\':\n      return true;\n\n    case \'SCRIPT\':\n    case \'NOSCRIPT\':\n      return false;\n\n    case \'OPTGROUP\':\n    case \'OPTION\':\n      {\n        let enclosingSelectElement = enclosingNodeOrSelfMatchingPredicate(element, e => e.tagName.toUpperCase() === \'SELECT\');\n        return isElementDisplayed(enclosingSelectElement);\n      }\n\n    case \'INPUT\':\n      if (element.type === \'hidden\') {\n        return false;\n      }\n\n      break;\n\n    default:\n      break;\n  }\n\n  if (cascadedStylePropertyForElement(element, \'visibility\') !== \'visible\') {\n    return false;\n  }\n\n  let hasAncestorWithZeroOpacity = !!enclosingElementOrSelfMatchingPredicate(element, e => {\n    return Number(cascadedStylePropertyForElement(e, \'opacity\')) === 0;\n  });\n  let hasAncestorWithDisplayNone = !!enclosingElementOrSelfMatchingPredicate(element, e => {\n    return cascadedStylePropertyForElement(e, \'display\') === \'none\';\n  });\n\n  if (hasAncestorWithZeroOpacity || hasAncestorWithDisplayNone) {\n    return false;\n  }\n\n  if (!elementSubtreeHasNonZeroDimensions(element)) {\n    return false;\n  }\n\n  if (isElementSubtreeHiddenByOverflow(element)) {\n    return false;\n  }\n\n  return true;\n}).apply(null, arguments)',
  args:
   [ { 'element-6066-11e4-a52e-4f735466cecf': '0334ce3c-5330-4c44-ba64-9c76716f50d8',
       ELEMENT: '0334ce3c-5330-4c44-ba64-9c76716f50d8' } ] }
[0-0] 2019-09-20T10:40:31.673Z INFO webdriver: RESULT true
[0-0] 2019-09-20T10:40:31.676Z INFO webdriver: COMMAND findElement("css selector", "div#mp-tfa")
[0-0] 2019-09-20T10:40:31.676Z INFO webdriver: [POST] http://127.0.0.1:4444/wd/hub/session/805e94f646c3a2c5fe47fe978c9b9b1d/element
[0-0] 2019-09-20T10:40:31.676Z INFO webdriver: DATA { using: 'css selector', value: 'div#mp-tfa' }
[0-0] 2019-09-20T10:40:31.702Z INFO webdriver: RESULT { 'element-6066-11e4-a52e-4f735466cecf': '60691482-90ae-4119-b9bd-2341010dd42a' }
[0-0] 2019-09-20T10:40:31.705Z INFO webdriver: COMMAND executeScript(<fn>, <object>)
[0-0] 2019-09-20T10:40:31.705Z INFO webdriver: [POST] http://127.0.0.1:4444/wd/hub/session/805e94f646c3a2c5fe47fe978c9b9b1d/execute/sync
[0-0] 2019-09-20T10:40:31.705Z INFO webdriver: DATA { script:
   'return (function isElementDisplayed(element) {\n  function nodeIsElement(node) {\n    if (!node) {\n      return false;\n    }\n\n    switch (node.nodeType) {\n      case Node.ELEMENT_NODE:\n      case Node.DOCUMENT_NODE:\n      case Node.DOCUMENT_FRAGMENT_NODE:\n        return true;\n\n      default:\n        return false;\n    }\n  }\n\n  function parentElementForElement(element) {\n    if (!element) {\n      return null;\n    }\n\n    return enclosingNodeOrSelfMatchingPredicate(element.parentNode, nodeIsElement);\n  }\n\n  function enclosingNodeOrSelfMatchingPredicate(targetNode, predicate) {\n    for (let node = targetNode; node && node !== targetNode.ownerDocument; node = node.parentNode) if (predicate(node)) {\n      return node;\n    }\n\n    return null;\n  }\n\n  function enclosingElementOrSelfMatchingPredicate(targetElement, predicate) {\n    for (let element = targetElement; element && element !== targetElement.ownerDocument; element = parentElementForElement(element)) if (predicate(element)) {\n      return element;\n    }\n\n    return null;\n  }\n\n  function cascadedStylePropertyForElement(element, property) {\n    if (!element || !property) {\n      return null;\n    }\n\n    if (element instanceof DocumentFragment) {\n      element = element.host;\n    }\n\n    let computedStyle = window.getComputedStyle(element);\n    let computedStyleProperty = computedStyle.getPropertyValue(property);\n\n    if (computedStyleProperty && computedStyleProperty !== \'inherit\') {\n      return computedStyleProperty;\n    }\n\n    let parentElement = parentElementForElement(element);\n    return cascadedStylePropertyForElement(parentElement, property);\n  }\n\n  function elementSubtreeHasNonZeroDimensions(element) {\n    let boundingBox = element.getBoundingClientRect();\n\n    if (boundingBox.width > 0 && boundingBox.height > 0) {\n      return true;\n    }\n\n    if (element.tagName.toUpperCase() === \'PATH\' && boundingBox.width + boundingBox.height > 0) {\n      let strokeWidth = cascadedStylePropertyForElement(element, \'stroke-width\');\n      return !!strokeWidth && parseInt(strokeWidth, 10) > 0;\n    }\n\n    let cascadedOverflow = cascadedStylePropertyForElement(element, \'overflow\');\n\n    if (cascadedOverflow === \'hidden\') {\n      return false;\n    }\n\n    return Array.from(element.childNodes).some(childNode => {\n      if (childNode.nodeType === Node.TEXT_NODE) {\n        return true;\n      }\n\n      if (nodeIsElement(childNode)) {\n        return elementSubtreeHasNonZeroDimensions(childNode);\n      }\n\n      return false;\n    });\n  }\n\n  function elementOverflowsContainer(element) {\n    let cascadedOverflow = cascadedStylePropertyForElement(element, \'overflow\');\n\n    if (cascadedOverflow !== \'hidden\') {\n      return false;\n    }\n\n    return true;\n  }\n\n  function isElementSubtreeHiddenByOverflow(element) {\n    if (!element) {\n      return false;\n    }\n\n    if (!elementOverflowsContainer(element)) {\n      return false;\n    }\n\n    if (!element.childNodes.length) {\n      return false;\n    }\n\n    return Array.from(element.childNodes).every(childNode => {\n      if (childNode.nodeType === Node.TEXT_NODE) {\n        return false;\n      }\n\n      if (!nodeIsElement(childNode)) {\n        return true;\n      }\n\n      if (!elementSubtreeHasNonZeroDimensions(childNode)) {\n        return true;\n      }\n\n      return isElementSubtreeHiddenByOverflow(childNode);\n    });\n  }\n\n  function isElementInsideShadowRoot(element) {\n    if (!element) {\n      return false;\n    }\n\n    if (element.parentNode && element.parentNode.host) {\n      return true;\n    }\n\n    return isElementInsideShadowRoot(element.parentNode);\n  }\n\n  if (!isElementInsideShadowRoot(element) && !document.contains(element)) {\n    return false;\n  }\n\n  switch (element.tagName.toUpperCase()) {\n    case \'BODY\':\n      return true;\n\n    case \'SCRIPT\':\n    case \'NOSCRIPT\':\n      return false;\n\n    case \'OPTGROUP\':\n    case \'OPTION\':\n      {\n        let enclosingSelectElement = enclosingNodeOrSelfMatchingPredicate(element, e => e.tagName.toUpperCase() === \'SELECT\');\n        return isElementDisplayed(enclosingSelectElement);\n      }\n\n    case \'INPUT\':\n      if (element.type === \'hidden\') {\n        return false;\n      }\n\n      break;\n\n    default:\n      break;\n  }\n\n  if (cascadedStylePropertyForElement(element, \'visibility\') !== \'visible\') {\n    return false;\n  }\n\n  let hasAncestorWithZeroOpacity = !!enclosingElementOrSelfMatchingPredicate(element, e => {\n    return Number(cascadedStylePropertyForElement(e, \'opacity\')) === 0;\n  });\n  let hasAncestorWithDisplayNone = !!enclosingElementOrSelfMatchingPredicate(element, e => {\n    return cascadedStylePropertyForElement(e, \'display\') === \'none\';\n  });\n\n  if (hasAncestorWithZeroOpacity || hasAncestorWithDisplayNone) {\n    return false;\n  }\n\n  if (!elementSubtreeHasNonZeroDimensions(element)) {\n    return false;\n  }\n\n  if (isElementSubtreeHiddenByOverflow(element)) {\n    return false;\n  }\n\n  return true;\n}).apply(null, arguments)',
  args:
   [ { 'element-6066-11e4-a52e-4f735466cecf': '60691482-90ae-4119-b9bd-2341010dd42a',
       ELEMENT: '60691482-90ae-4119-b9bd-2341010dd42a' } ] }
[0-0] 2019-09-20T10:40:31.737Z INFO webdriver: RESULT true
[0-0] 2019-09-20T10:40:31.741Z INFO webdriver: COMMAND findElement("css selector", "input#searchInput")
[0-0] 2019-09-20T10:40:31.741Z INFO webdriver: [POST] http://127.0.0.1:4444/wd/hub/session/805e94f646c3a2c5fe47fe978c9b9b1d/element
[0-0] 2019-09-20T10:40:31.741Z INFO webdriver: DATA { using: 'css selector', value: 'input#searchInput' }
[0-0] 2019-09-20T10:40:31.768Z INFO webdriver: RESULT { 'element-6066-11e4-a52e-4f735466cecf': '5ab1216e-1686-4f34-b049-55183283d0e8' }
[0-0] 2019-09-20T10:40:31.772Z INFO webdriver: COMMAND elementClear("5ab1216e-1686-4f34-b049-55183283d0e8")
[0-0] 2019-09-20T10:40:31.772Z INFO webdriver: [POST] http://127.0.0.1:4444/wd/hub/session/805e94f646c3a2c5fe47fe978c9b9b1d/element/5ab1216e-1686-4f34-b049-55183283d0e8/clear
[0-0] 2019-09-20T10:40:31.824Z INFO webdriver: COMMAND elementSendKeys("5ab1216e-1686-4f34-b049-55183283d0e8", "Selenium")
[0-0] 2019-09-20T10:40:31.825Z INFO webdriver: [POST] http://127.0.0.1:4444/wd/hub/session/805e94f646c3a2c5fe47fe978c9b9b1d/element/5ab1216e-1686-4f34-b049-55183283d0e8/value
[0-0] 2019-09-20T10:40:31.825Z INFO webdriver: DATA { text: 'Selenium' }
[0-0] 2019-09-20T10:40:31.933Z INFO webdriver: COMMAND findElement("css selector", "input#searchButton")
[0-0] 2019-09-20T10:40:31.933Z INFO webdriver: [POST] http://127.0.0.1:4444/wd/hub/session/805e94f646c3a2c5fe47fe978c9b9b1d/element
2019-09-20T10:40:31.934Z INFO webdriver: DATA { using: 'css selector', value: 'input#searchButton' }
[0-0] 2019-09-20T10:40:31.979Z INFO webdriver: RESULT { 'element-6066-11e4-a52e-4f735466cecf': '6006f4f1-106d-4acf-90ff-61c4f9bad139' }
[0-0] 2019-09-20T10:40:31.983Z INFO webdriver: COMMAND elementClick("6006f4f1-106d-4acf-90ff-61c4f9bad139")
[0-0] 2019-09-20T10:40:31.984Z INFO webdriver: [POST] http://127.0.0.1:4444/wd/hub/session/805e94f646c3a2c5fe47fe978c9b9b1d/element/6006f4f1-106d-4acf-90ff-61c4f9bad139/click
[0-0] 2019-09-20T10:40:32.924Z INFO webdriver: COMMAND findElement("css selector", "div#content")
[0-0] 2019-09-20T10:40:32.924Z INFO webdriver: [POST] http://127.0.0.1:4444/wd/hub/session/805e94f646c3a2c5fe47fe978c9b9b1d/element
[0-0] 2019-09-20T10:40:32.924Z INFO webdriver: DATA { using: 'css selector', value: 'div#content' }
[0-0] 2019-09-20T10:40:33.015Z INFO webdriver: RESULT { 'element-6066-11e4-a52e-4f735466cecf': '8653e842-20b3-4923-bf8d-74949bd605aa' }
[0-0] 2019-09-20T10:40:33.017Z INFO webdriver: COMMAND executeScript(<fn>, <object>)
[0-0] 2019-09-20T10:40:33.018Z INFO webdriver: [POST] http://127.0.0.1:4444/wd/hub/session/805e94f646c3a2c5fe47fe978c9b9b1d/execute/sync
[0-0] 2019-09-20T10:40:33.018Z INFO webdriver: DATA { script:
   'return (function isElementDisplayed(element) {\n  function nodeIsElement(node) {\n    if (!node) {\n      return false;\n    }\n\n    switch (node.nodeType) {\n      case Node.ELEMENT_NODE:\n      case Node.DOCUMENT_NODE:\n      case Node.DOCUMENT_FRAGMENT_NODE:\n        return true;\n\n      default:\n        return false;\n    }\n  }\n\n  function parentElementForElement(element) {\n    if (!element) {\n      return null;\n    }\n\n    return enclosingNodeOrSelfMatchingPredicate(element.parentNode, nodeIsElement);\n  }\n\n  function enclosingNodeOrSelfMatchingPredicate(targetNode, predicate) {\n    for (let node = targetNode; node && node !== targetNode.ownerDocument; node = node.parentNode) if (predicate(node)) {\n      return node;\n    }\n\n    return null;\n  }\n\n  function enclosingElementOrSelfMatchingPredicate(targetElement, predicate) {\n    for (let element = targetElement; element && element !== targetElement.ownerDocument; element = parentElementForElement(element)) if (predicate(element)) {\n      return element;\n    }\n\n    return null;\n  }\n\n  function cascadedStylePropertyForElement(element, property) {\n    if (!element || !property) {\n      return null;\n    }\n\n    if (element instanceof DocumentFragment) {\n      element = element.host;\n    }\n\n    let computedStyle = window.getComputedStyle(element);\n    let computedStyleProperty = computedStyle.getPropertyValue(property);\n\n    if (computedStyleProperty && computedStyleProperty !== \'inherit\') {\n      return computedStyleProperty;\n    }\n\n    let parentElement = parentElementForElement(element);\n    return cascadedStylePropertyForElement(parentElement, property);\n  }\n\n  function elementSubtreeHasNonZeroDimensions(element) {\n    let boundingBox = element.getBoundingClientRect();\n\n    if (boundingBox.width > 0 && boundingBox.height > 0) {\n      return true;\n    }\n\n    if (element.tagName.toUpperCase() === \'PATH\' && boundingBox.width + boundingBox.height > 0) {\n      let strokeWidth = cascadedStylePropertyForElement(element, \'stroke-width\');\n      return !!strokeWidth && parseInt(strokeWidth, 10) > 0;\n    }\n\n    let cascadedOverflow = cascadedStylePropertyForElement(element, \'overflow\');\n\n    if (cascadedOverflow === \'hidden\') {\n      return false;\n    }\n\n    return Array.from(element.childNodes).some(childNode => {\n      if (childNode.nodeType === Node.TEXT_NODE) {\n        return true;\n      }\n\n      if (nodeIsElement(childNode)) {\n        return elementSubtreeHasNonZeroDimensions(childNode);\n      }\n\n      return false;\n    });\n  }\n\n  function elementOverflowsContainer(element) {\n    let cascadedOverflow = cascadedStylePropertyForElement(element, \'overflow\');\n\n    if (cascadedOverflow !== \'hidden\') {\n      return false;\n    }\n\n    return true;\n  }\n\n  function isElementSubtreeHiddenByOverflow(element) {\n    if (!element) {\n      return false;\n    }\n\n    if (!elementOverflowsContainer(element)) {\n      return false;\n    }\n\n    if (!element.childNodes.length) {\n      return false;\n    }\n\n    return Array.from(element.childNodes).every(childNode => {\n      if (childNode.nodeType === Node.TEXT_NODE) {\n        return false;\n      }\n\n      if (!nodeIsElement(childNode)) {\n        return true;\n      }\n\n      if (!elementSubtreeHasNonZeroDimensions(childNode)) {\n        return true;\n      }\n\n      return isElementSubtreeHiddenByOverflow(childNode);\n    });\n  }\n\n  function isElementInsideShadowRoot(element) {\n    if (!element) {\n      return false;\n    }\n\n    if (element.parentNode && element.parentNode.host) {\n      return true;\n    }\n\n    return isElementInsideShadowRoot(element.parentNode);\n  }\n\n  if (!isElementInsideShadowRoot(element) && !document.contains(element)) {\n    return false;\n  }\n\n  switch (element.tagName.toUpperCase()) {\n    case \'BODY\':\n      return true;\n\n    case \'SCRIPT\':\n    case \'NOSCRIPT\':\n      return false;\n\n    case \'OPTGROUP\':\n    case \'OPTION\':\n      {\n        let enclosingSelectElement = enclosingNodeOrSelfMatchingPredicate(element, e => e.tagName.toUpperCase() === \'SELECT\');\n        return isElementDisplayed(enclosingSelectElement);\n      }\n\n    case \'INPUT\':\n      if (element.type === \'hidden\') {\n        return false;\n      }\n\n      break;\n\n    default:\n      break;\n  }\n\n  if (cascadedStylePropertyForElement(element, \'visibility\') !== \'visible\') {\n    return false;\n  }\n\n  let hasAncestorWithZeroOpacity = !!enclosingElementOrSelfMatchingPredicate(element, e => {\n    return Number(cascadedStylePropertyForElement(e, \'opacity\')) === 0;\n  });\n  let hasAncestorWithDisplayNone = !!enclosingElementOrSelfMatchingPredicate(element, e => {\n    return cascadedStylePropertyForElement(e, \'display\') === \'none\';\n  });\n\n  if (hasAncestorWithZeroOpacity || hasAncestorWithDisplayNone) {\n    return false;\n  }\n\n  if (!elementSubtreeHasNonZeroDimensions(element)) {\n    return false;\n  }\n\n  if (isElementSubtreeHiddenByOverflow(element)) {\n    return false;\n  }\n\n  return true;\n}).apply(null, arguments)',
  args:
   [ { 'element-6066-11e4-a52e-4f735466cecf': '8653e842-20b3-4923-bf8d-74949bd605aa',
       ELEMENT: '8653e842-20b3-4923-bf8d-74949bd605aa' } ] }
[0-0] 2019-09-20T10:40:33.117Z INFO webdriver: RESULT true
[0-0] 2019-09-20T10:40:33.117Z INFO webdriver: COMMAND findElement("css selector", "h1#firstHeading")
[0-0] 2019-09-20T10:40:33.118Z INFO webdriver: [POST] http://127.0.0.1:4444/wd/hub/session/805e94f646c3a2c5fe47fe978c9b9b1d/element
[0-0] 2019-09-20T10:40:33.118Z INFO webdriver: DATA { using: 'css selector', value: 'h1#firstHeading' }
[0-0] 2019-09-20T10:40:33.152Z INFO webdriver: RESULT { 'element-6066-11e4-a52e-4f735466cecf': '31af340d-ca9f-478e-885f-a930f3d1c83b' }
[0-0] 2019-09-20T10:40:33.163Z INFO webdriver: COMMAND getElementText("31af340d-ca9f-478e-885f-a930f3d1c83b")
[0-0] 2019-09-20T10:40:33.164Z INFO webdriver: [GET] http://127.0.0.1:4444/wd/hub/session/805e94f646c3a2c5fe47fe978c9b9b1d/element/31af340d-ca9f-478e-885f-a930f3d1c83b/text
[0-0] 2019-09-20T10:40:33.389Z INFO webdriver: RESULT Selenium
[0-0] 2019-09-20T10:40:33.395Z INFO webdriver: COMMAND getElementText("31af340d-ca9f-478e-885f-a930f3d1c83b")
[0-0] 2019-09-20T10:40:33.396Z INFO webdriver: [GET] http://127.0.0.1:4444/wd/hub/session/805e94f646c3a2c5fe47fe978c9b9b1d/element/31af340d-ca9f-478e-885f-a930f3d1c83b/text
[0-0] 2019-09-20T10:40:33.523Z INFO webdriver: RESULT Selenium
[0-0] Error in "undefined"
Expected 'Selenium' to contain '(software)'.
[0-0] 2019-09-20T10:40:33.529Z INFO webdriver: COMMAND deleteSession()
[0-0] 2019-09-20T10:40:33.529Z INFO webdriver: [DELETE] http://127.0.0.1:4444/wd/hub/session/805e94f646c3a2c5fe47fe978c9b9b1d
2019-09-20T10:40:33.830Z DEBUG @wdio/local-runner: Runner 0-0 finished with exit code 1
[0-0] FAILED in chrome - C:\dev\eclipse-workspace\minimum_wp_example\spec\wp.spec.js
2019-09-20T10:40:33.831Z INFO @wdio/cli:Launcher: Run onComplete hook
2019-09-20T10:40:33.831Z INFO @wdio/selenium-standalone-service: shutting down all browsers

 "spec" Reporter:
------------------------------------------------------------------
[chrome  windows nt #0-0] Spec: C:\dev\eclipse-workspace\minimum_wp_example\spec\wp.spec.js
[chrome  windows nt #0-0] Running: chrome on windows nt
[chrome  windows nt #0-0]
[chrome  windows nt #0-0] Wikipedia main page
[chrome  windows nt #0-0]    ✓ should have a featured article section
[chrome  windows nt #0-0]
[chrome  windows nt #0-0]     should allow searching for Selenium
[chrome  windows nt #0-0]        ✓ and show the article heading
[chrome  windows nt #0-0]        ✖ and have the heading contain (software)
[chrome  windows nt #0-0]
[chrome  windows nt #0-0] 2 passing (7.3s)
[chrome  windows nt #0-0] 1 failing
[chrome  windows nt #0-0]
[chrome  windows nt #0-0] 1) should allow searching for Selenium and have the heading contain (software)
[chrome  windows nt #0-0] Expected 'Selenium' to contain '(software)'.
[chrome  windows nt #0-0] Error: Expected 'Selenium' to contain '(software)'.
[chrome  windows nt #0-0]     at <Jasmine>
[chrome  windows nt #0-0]     at <Jasmine>
[chrome  windows nt #0-0]     at UserContext.<anonymous> (C:\dev\eclipse-workspace\minimum_wp_example\spec\wp.spec.js:33:46)


Spec Files:	 0 passed, 1 failed, 1 total (100% completed) in 00:00:15 

2019-09-20T10:40:33.834Z INFO @wdio/local-runner: Shutting down spawned worker
2019-09-20T10:40:34.085Z INFO @wdio/local-runner: Waiting for 0 to shut down gracefully
2019-09-20T10:40:34.085Z INFO @wdio/local-runner: shutting down
